nohup: ignoring input
Number of parameters in the model: 67126096
Process 0 using device: cuda
  0%|          | 0/1681 [00:00<?, ?it/s]  0%|          | 0/1681 [01:30<?, ?it/s]
Traceback (most recent call last):
  File "train.py", line 218, in <module>
    main()
  File "train.py", line 188, in main
    for batch in tqdm(train_dl, disable=not accelerator.is_main_process):
  File "/home/btech/2021/shreya.malik21b/miniconda3/envs/mad/lib/python3.8/site-packages/tqdm/std.py", line 1195, in __iter__
    for obj in iterable:
  File "/home/btech/2021/shreya.malik21b/miniconda3/envs/mad/lib/python3.8/site-packages/accelerate/data_loader.py", line 375, in __iter__
    current_batch = next(dataloader_iter)
  File "/home/btech/2021/shreya.malik21b/miniconda3/envs/mad/lib/python3.8/site-packages/torch/utils/data/dataloader.py", line 521, in __next__
    data = self._next_data()
  File "/home/btech/2021/shreya.malik21b/miniconda3/envs/mad/lib/python3.8/site-packages/torch/utils/data/dataloader.py", line 1203, in _next_data
    return self._process_data(data)
  File "/home/btech/2021/shreya.malik21b/miniconda3/envs/mad/lib/python3.8/site-packages/torch/utils/data/dataloader.py", line 1229, in _process_data
    data.reraise()
  File "/home/btech/2021/shreya.malik21b/miniconda3/envs/mad/lib/python3.8/site-packages/torch/_utils.py", line 425, in reraise
    raise self.exc_type(msg)
TypeError: Caught TypeError in DataLoader worker process 0.
Original Traceback (most recent call last):
  File "/home/btech/2021/shreya.malik21b/miniconda3/envs/mad/lib/python3.8/site-packages/torch/utils/data/_utils/worker.py", line 287, in _worker_loop
    data = fetcher.fetch(index)
  File "/home/btech/2021/shreya.malik21b/miniconda3/envs/mad/lib/python3.8/site-packages/torch/utils/data/_utils/fetch.py", line 47, in fetch
    return self.collate_fn(data)
  File "/home/btech/2021/shreya.malik21b/miniconda3/envs/mad/lib/python3.8/site-packages/torch/utils/data/_utils/collate.py", line 84, in default_collate
    return [default_collate(samples) for samples in transposed]
  File "/home/btech/2021/shreya.malik21b/miniconda3/envs/mad/lib/python3.8/site-packages/torch/utils/data/_utils/collate.py", line 84, in <listcomp>
    return [default_collate(samples) for samples in transposed]
  File "/home/btech/2021/shreya.malik21b/miniconda3/envs/mad/lib/python3.8/site-packages/torch/utils/data/_utils/collate.py", line 86, in default_collate
    raise TypeError(default_collate_err_msg_format.format(elem_type))
TypeError: default_collate: batch must contain tensors, numpy arrays, numbers, dicts or lists; found <class 'NoneType'>

